<?xml version="1.0" encoding="UTF-8"?>
<!-- Generated by org.testng.reporters.JUnitXMLReporter -->
<testsuite ignored="0" hostname="DESKTOP-3R73L8V" failures="0" tests="5" name="Default test" time="13.694" errors="0" timestamp="31 Oct 2019 00:40:30 GMT">
  <testcase classname="testCases.TC_VideoGameAPI" name="test_getAllVideoGames" time="8.783"/>
  <testcase classname="testCases.TC_VideoGameAPI" name="test_addNewVideoGame" time="0.979"/>
  <testcase classname="testCases.TC_VideoGameAPI" name="test_getVideoGame" time="0.697"/>
  <testcase classname="testCases.TC_VideoGameAPI" name="test_UpdateVideoGame" time="0.087"/>
  <testcase classname="testCases.TC_VideoGameAPI" name="test_DeleteVideoGame" time="3.048"/>
</testsuite> <!-- Default test -->
