<?xml version="1.0" encoding="UTF-8"?>
<!-- Generated by org.testng.reporters.JUnitXMLReporter -->
<testsuite ignored="0" hostname="DESKTOP-3R73L8V" failures="0" tests="10" name="Default test" time="10.035" errors="0" timestamp="31 Oct 2019 01:20:02 GMT">
  <testcase classname="testCases.TC_AddVideoGameDDT" name="test_addNewVideoGame" time="4.753"/>
  <testcase classname="testCases.TC_AddVideoGameDDT" name="test_addNewVideoGame" time="0.086"/>
  <testcase classname="testCases.TC_AddVideoGameDDT" name="test_addNewVideoGame" time="0.103"/>
  <testcase classname="testCases.TC_AddVideoGameDDT" name="test_addNewVideoGame" time="0.158"/>
  <testcase classname="testCases.TC_AddVideoGameDDT" name="test_addNewVideoGame" time="0.085"/>
  <testcase classname="testCases.TC_AddVideoGameDDT" name="test_getVideoGame" time="0.786"/>
  <testcase classname="testCases.TC_AddVideoGameDDT" name="test_getVideoGame" time="0.099"/>
  <testcase classname="testCases.TC_AddVideoGameDDT" name="test_getVideoGame" time="0.111"/>
  <testcase classname="testCases.TC_AddVideoGameDDT" name="test_getVideoGame" time="0.122"/>
  <testcase classname="testCases.TC_AddVideoGameDDT" name="test_getVideoGame" time="0.094"/>
</testsuite> <!-- Default test -->
