<?xml version="1.0" encoding="UTF-8"?>
<!-- Generated by org.testng.reporters.JUnitXMLReporter -->
<testsuite hostname="DESKTOP-3R73L8V" ignored="0" name="Test" tests="5" failures="0" timestamp="03 Oct 2019 17:03:35 GMT" time="8.49" errors="0">
  <testcase name="test_getAllVideoGames" time="3.077" classname="testCases.TC_VideoGameAPI"/>
  <testcase name="test_addNewVideoGame" time="1.245" classname="testCases.TC_VideoGameAPI"/>
  <testcase name="test_getVideoGame" time="0.909" classname="testCases.TC_VideoGameAPI"/>
  <testcase name="test_UpdateVideoGame" time="0.128" classname="testCases.TC_VideoGameAPI"/>
  <testcase name="test_DeleteVideoGame" time="3.087" classname="testCases.TC_VideoGameAPI"/>
</testsuite> <!-- Test -->
