<?xml version="1.0" encoding="UTF-8"?>
<!-- Generated by org.testng.reporters.JUnitReportReporter -->
<testsuite hostname="DESKTOP-3R73L8V" failures="0" tests="5" name="testCases.TC_VideoGameAPI" time="4.605" errors="0" timestamp="03 Oct 2019 16:56:01 GMT" skipped="0">
  <testcase classname="testCases.TC_VideoGameAPI" name="test_getAllVideoGames" time="2.666"/>
  <testcase classname="testCases.TC_VideoGameAPI" name="test_addNewVideoGame" time="0.891"/>
  <testcase classname="testCases.TC_VideoGameAPI" name="test_getVideoGame" time="0.901"/>
  <testcase classname="testCases.TC_VideoGameAPI" name="test_UpdateVideoGame" time="0.092"/>
  <testcase classname="testCases.TC_VideoGameAPI" name="test_DeleteVideoGame" time="0.055"/>
</testsuite> <!-- testCases.TC_VideoGameAPI -->
